{"total": {"lines":{"total":874,"covered":334,"skipped":0,"pct":38.21},"statements":{"total":874,"covered":334,"skipped":0,"pct":38.21},"functions":{"total":27,"covered":3,"skipped":0,"pct":11.11},"branches":{"total":14,"covered":6,"skipped":0,"pct":42.85},"branchesTrue":{"total":0,"covered":0,"skipped":0,"pct":100}}
,"D:\\devopspractice\\acquisitions\\src\\app.js": {"lines":{"total":52,"covered":50,"skipped":0,"pct":96.15},"functions":{"total":1,"covered":1,"skipped":0,"pct":100},"statements":{"total":52,"covered":50,"skipped":0,"pct":96.15},"branches":{"total":4,"covered":4,"skipped":0,"pct":100}}
,"D:\\devopspractice\\acquisitions\\src\\config\\arcjet.js": {"lines":{"total":19,"covered":19,"skipped":0,"pct":100},"functions":{"total":0,"covered":0,"skipped":0,"pct":100},"statements":{"total":19,"covered":19,"skipped":0,"pct":100},"branches":{"total":0,"covered":0,"skipped":0,"pct":100}}
,"D:\\devopspractice\\acquisitions\\src\\config\\database.js": {"lines":{"total":20,"covered":13,"skipped":0,"pct":65},"functions":{"total":1,"covered":0,"skipped":0,"pct":0},"statements":{"total":20,"covered":13,"skipped":0,"pct":65},"branches":{"total":1,"covered":0,"skipped":0,"pct":0}}
,"D:\\devopspractice\\acquisitions\\src\\config\\logger.js": {"lines":{"total":44,"covered":44,"skipped":0,"pct":100},"functions":{"total":0,"covered":0,"skipped":0,"pct":100},"statements":{"total":44,"covered":44,"skipped":0,"pct":100},"branches":{"total":1,"covered":0,"skipped":0,"pct":0}}
,"D:\\devopspractice\\acquisitions\\src\\controllers\\auth.controller.js": {"lines":{"total":110,"covered":12,"skipped":0,"pct":10.9},"functions":{"total":3,"covered":0,"skipped":0,"pct":0},"statements":{"total":110,"covered":12,"skipped":0,"pct":10.9},"branches":{"total":0,"covered":0,"skipped":0,"pct":100}}
,"D:\\devopspractice\\acquisitions\\src\\controllers\\users.controller.js": {"lines":{"total":150,"covered":21,"skipped":0,"pct":14},"functions":{"total":4,"covered":0,"skipped":0,"pct":0},"statements":{"total":150,"covered":21,"skipped":0,"pct":14},"branches":{"total":0,"covered":0,"skipped":0,"pct":100}}
,"D:\\devopspractice\\acquisitions\\src\\middleware\\auth.middleware.js": {"lines":{"total":46,"covered":9,"skipped":0,"pct":19.56},"functions":{"total":2,"covered":1,"skipped":0,"pct":50},"statements":{"total":46,"covered":9,"skipped":0,"pct":19.56},"branches":{"total":1,"covered":1,"skipped":0,"pct":100}}
,"D:\\devopspractice\\acquisitions\\src\\middleware\\security.middleware.js": {"lines":{"total":95,"covered":19,"skipped":0,"pct":20},"functions":{"total":1,"covered":1,"skipped":0,"pct":100},"statements":{"total":95,"covered":19,"skipped":0,"pct":20},"branches":{"total":7,"covered":1,"skipped":0,"pct":14.28}}
,"D:\\devopspractice\\acquisitions\\src\\models\\user.model.js": {"lines":{"total":11,"covered":11,"skipped":0,"pct":100},"functions":{"total":0,"covered":0,"skipped":0,"pct":100},"statements":{"total":11,"covered":11,"skipped":0,"pct":100},"branches":{"total":0,"covered":0,"skipped":0,"pct":100}}
,"D:\\devopspractice\\acquisitions\\src\\routes\\auth.routes.js": {"lines":{"total":11,"covered":11,"skipped":0,"pct":100},"functions":{"total":0,"covered":0,"skipped":0,"pct":100},"statements":{"total":11,"covered":11,"skipped":0,"pct":100},"branches":{"total":0,"covered":0,"skipped":0,"pct":100}}
,"D:\\devopspractice\\acquisitions\\src\\routes\\users.routes.js": {"lines":{"total":24,"covered":24,"skipped":0,"pct":100},"functions":{"total":0,"covered":0,"skipped":0,"pct":100},"statements":{"total":24,"covered":24,"skipped":0,"pct":100},"branches":{"total":0,"covered":0,"skipped":0,"pct":100}}
,"D:\\devopspractice\\acquisitions\\src\\services\\auth.service.js": {"lines":{"total":90,"covered":12,"skipped":0,"pct":13.33},"functions":{"total":4,"covered":0,"skipped":0,"pct":0},"statements":{"total":90,"covered":12,"skipped":0,"pct":13.33},"branches":{"total":0,"covered":0,"skipped":0,"pct":100}}
,"D:\\devopspractice\\acquisitions\\src\\services\\users.service.js": {"lines":{"total":89,"covered":12,"skipped":0,"pct":13.48},"functions":{"total":4,"covered":0,"skipped":0,"pct":0},"statements":{"total":89,"covered":12,"skipped":0,"pct":13.48},"branches":{"total":0,"covered":0,"skipped":0,"pct":100}}
,"D:\\devopspractice\\acquisitions\\src\\utils\\cookies.js": {"lines":{"total":41,"covered":27,"skipped":0,"pct":65.85},"functions":{"total":4,"covered":0,"skipped":0,"pct":0},"statements":{"total":41,"covered":27,"skipped":0,"pct":65.85},"branches":{"total":0,"covered":0,"skipped":0,"pct":100}}
,"D:\\devopspractice\\acquisitions\\src\\utils\\format.js": {"lines":{"total":8,"covered":1,"skipped":0,"pct":12.5},"functions":{"total":1,"covered":0,"skipped":0,"pct":0},"statements":{"total":8,"covered":1,"skipped":0,"pct":12.5},"branches":{"total":0,"covered":0,"skipped":0,"pct":100}}
,"D:\\devopspractice\\acquisitions\\src\\utils\\jwt.js": {"lines":{"total":39,"covered":24,"skipped":0,"pct":61.53},"functions":{"total":2,"covered":0,"skipped":0,"pct":0},"statements":{"total":39,"covered":24,"skipped":0,"pct":61.53},"branches":{"total":0,"covered":0,"skipped":0,"pct":100}}
,"D:\\devopspractice\\acquisitions\\src\\validations\\auth.validation.js": {"lines":{"total":13,"covered":13,"skipped":0,"pct":100},"functions":{"total":0,"covered":0,"skipped":0,"pct":100},"statements":{"total":13,"covered":13,"skipped":0,"pct":100},"branches":{"total":0,"covered":0,"skipped":0,"pct":100}}
,"D:\\devopspractice\\acquisitions\\src\\validations\\users.validation.js": {"lines":{"total":12,"covered":12,"skipped":0,"pct":100},"functions":{"total":0,"covered":0,"skipped":0,"pct":100},"statements":{"total":12,"covered":12,"skipped":0,"pct":100},"branches":{"total":0,"covered":0,"skipped":0,"pct":100}}
}
